# Here is what  I did to get this local repository made
git init
git add -v -A
git commit -v -m "Initial commit to learnC repository."
[bob.zavala@medea learnC]: git log
commit 4b83e50b928040556d30f610f3e57b8d2b438336
Author: Bob Zavala <robert.t.zavala.civ@mail.mil>
Date:   Wed Feb 3 22:00:38 2021 -0700

    Initial commit to learnC repository.

git add -v git.log
git commit -v -m "Added git.log"

# CLONE REMOTE

git clone https://github.com/astroJarHead/learnC ../remote_learnC
Cloning into '../remote_learnC'...
remote: Enumerating objects: 3, done.
remote: Counting objects: 100% (3/3), done.
remote: Total 3 (delta 0), reused 0 (delta 0), pack-reused 0
Unpacking objects: 100% (3/3), done.


[bob.zavala@medea remote_learnC]: git remote -v
origin	https://github.com/astroJarHead/learnC (fetch)
origin	https://github.com/astroJarHead/learnC (push)

No changes but check for a pull:

[bob.zavala@medea remote_learnC]: git pull https://github.com/astroJarHead/learnC 
From https://github.com/astroJarHead/learnC
 * branch            HEAD       -> FETCH_HEAD
Already up-to-date.
